<?xml version="1.0" encoding="UTF-8"?>
<!-- Generated by org.testng.reporters.JUnitReportReporter -->
<testsuite hostname="DESKTOP-9FS0TQS" name="test.TC_001_AccountCreation" tests="1" failures="0" timestamp="11 Oct 2021 15:40:29 GMT" time="25.238" errors="0">
  <testcase name="accountCreation" time="25.238" classname="test.TC_001_AccountCreation"/>
</testsuite> <!-- test.TC_001_AccountCreation -->
