<?xml version="1.0" encoding="UTF-8"?>
<!-- Generated by org.testng.reporters.JUnitReportReporter -->
<testsuite hostname="DESKTOP-9FS0TQS" name="test.TC_004_URLTest" tests="1" failures="0" timestamp="13 Dec 2021 11:46:35 GMT" time="48.130" errors="0">
  <testcase name="urlTest" time="48.130" classname="test.TC_004_URLTest"/>
</testsuite> <!-- test.TC_004_URLTest -->
