<?xml version="1.0" encoding="UTF-8"?>
<!-- Generated by org.testng.reporters.JUnitReportReporter -->
<testsuite hostname="DESKTOP-9FS0TQS" name="test.TC_002_LogIn" tests="1" failures="0" timestamp="1 Nov 2021 14:49:23 GMT" time="50.246" errors="0">
  <testcase name="login" time="50.246" classname="test.TC_002_LogIn"/>
</testsuite> <!-- test.TC_002_LogIn -->
