<?xml version="1.0" encoding="UTF-8"?>
<!-- Generated by org.testng.reporters.JUnitReportReporter -->
<testsuite hostname="DESKTOP-9FS0TQS" name="test.TC_003_PurchaseProduct" tests="1" failures="0" timestamp="13 Dec 2021 11:46:35 GMT" time="72.348" errors="0">
  <testcase name="addCart" time="72.348" classname="test.TC_003_PurchaseProduct"/>
</testsuite> <!-- test.TC_003_PurchaseProduct -->
