<?xml version="1.0" encoding="UTF-8"?>
<!-- Generated by org.testng.reporters.JUnitReportReporter -->
<testsuite hostname="DESKTOP-9FS0TQS" name="test.TC_002_LogIn" tests="1" failures="0" timestamp="13 Dec 2021 11:46:35 GMT" time="29.836" errors="0">
  <testcase name="login" time="29.836" classname="test.TC_002_LogIn"/>
</testsuite> <!-- test.TC_002_LogIn -->
