<?xml version="1.0" encoding="UTF-8"?>
<!-- Generated by org.testng.reporters.JUnitReportReporter -->
<testsuite hostname="DESKTOP-9FS0TQS" name="test.TC_001_AccountCreation" tests="1" failures="0" timestamp="11 Oct 2021 10:36:21 GMT" time="22.157" errors="0">
  <testcase name="accountCreation" time="22.157" classname="test.TC_001_AccountCreation"/>
</testsuite> <!-- test.TC_001_AccountCreation -->
