<?xml version="1.0" encoding="UTF-8"?>
<!-- Generated by org.testng.reporters.JUnitReportReporter -->
<testsuite hostname="DESKTOP-9FS0TQS" name="test.TC_002_LogIn" tests="1" failures="0" timestamp="17 Nov 2021 13:31:41 GMT" time="42.735" errors="0">
  <testcase name="login" time="42.735" classname="test.TC_002_LogIn"/>
</testsuite> <!-- test.TC_002_LogIn -->
