<?xml version="1.0" encoding="UTF-8"?>
<!-- Generated by org.testng.reporters.JUnitReportReporter -->
<testsuite hostname="DESKTOP-9FS0TQS" name="test.TC_001_AccountCreation" tests="1" failures="0" timestamp="17 Nov 2021 13:31:41 GMT" time="53.506" errors="0">
  <testcase name="accountCreation" time="53.506" classname="test.TC_001_AccountCreation"/>
</testsuite> <!-- test.TC_001_AccountCreation -->
