<?xml version="1.0" encoding="UTF-8"?>
<!-- Generated by org.testng.reporters.JUnitReportReporter -->
<testsuite hostname="DESKTOP-9FS0TQS" name="test.TC_001_AccountCreation" tests="1" failures="0" timestamp="1 Nov 2021 14:49:23 GMT" time="56.727" errors="0">
  <testcase name="accountCreation" time="56.727" classname="test.TC_001_AccountCreation"/>
</testsuite> <!-- test.TC_001_AccountCreation -->
