<?xml version="1.0" encoding="UTF-8"?>
<!-- Generated by org.testng.reporters.JUnitReportReporter -->
<testsuite hostname="DESKTOP-9FS0TQS" name="test.TC_003_AddToCart" tests="1" failures="0" timestamp="17 Nov 2021 13:31:41 GMT" time="145.347" errors="0">
  <testcase name="addCart" time="145.347" classname="test.TC_003_AddToCart"/>
</testsuite> <!-- test.TC_003_AddToCart -->
